Removed Pin From Net: NetName=NetC3_2 Pin=U1-1
Removed Pin From Net: NetName=NetC3_2 Pin=U1-2
Removed Pin From Net: NetName=+v Pin=U2-1
Added Component: Designator=*(JACK MONO)
Added Component: Designator=C1(CAP200)
Added Component: Designator=C2(CAP200)
Added Component: Designator=C3(CAP200)
Added Component: Designator=C4(CAP200)
Added Component: Designator=J?(MOLEX2)
Added Component: Designator=R1(RES400)
Added Component: Designator=R2(RES400)
Added Component: Designator=R3(RES400)
Added Component: Designator=R4(RES400)
Added Pin To Net: NetName=GND Pin=*-1
Added Pin To Net: NetName=NetC3_1 Pin=C3-1
Added Pin To Net: NetName=NetC3_2 Pin=C3-2
Added Pin To Net: NetName=NetC3_2 Pin=C4-1
Added Pin To Net: NetName=GND Pin=J?-2
Added Pin To Net: NetName=GND Pin=R3-1
Added Pin To Net: NetName=NetC3_2 Pin=R3-2
Added Pin To Net: NetName=GND Pin=R4-1
Added Pin To Net: NetName=NetC3_1 Pin=U1-1
Added Pin To Net: NetName=NetC3_1 Pin=U1-2
Added Pin To Net: NetName=NetC1_1 Pin=C1-1
Added Pin To Net: NetName=NetC1_1 Pin=R1-2
Added Pin To Net: NetName=NetC1_1 Pin=R2-1
Added Net: Name=NetC1_1
Added Pin To Net: NetName=NetC2_1 Pin=C2-1
Added Pin To Net: NetName=NetC2_1 Pin=R2-2
Added Pin To Net: NetName=NetC2_1 Pin=U1-3
Added Net: Name=NetC2_1
Added Pin To Net: NetName=NetC4_2 Pin=C4-2
Added Pin To Net: NetName=NetC4_2 Pin=R4-2
Added Pin To Net: NetName=NetC4_2 Pin=U2-3
Added Net: Name=NetC4_2
Added Pin To Net: NetName=NetU2_1 Pin=U2-1
Added Pin To Net: NetName=NetU2_1 Pin=U2-2
Added Net: Name=NetU2_1
Added Pin To Net: NetName=Vin Pin=*-3
Added Pin To Net: NetName=Vin Pin=J?-1
Added Pin To Net: NetName=Vin Pin=R1-1
Added Net: Name=Vin
Added Member To Class: ClassName=Sheet1 Member=Component * JACK MONO
Added Member To Class: ClassName=Sheet1 Member=Component C1 10n
Added Member To Class: ClassName=Sheet1 Member=Component C2 10n
Added Member To Class: ClassName=Sheet1 Member=Component C3 100n
Added Member To Class: ClassName=Sheet1 Member=Component C4 100n
Added Member To Class: ClassName=Sheet1 Member=Component J? MOLEX2
Added Member To Class: ClassName=Sheet1 Member=Component R1 1.8k
Added Member To Class: ClassName=Sheet1 Member=Component R2 1.8k
Added Member To Class: ClassName=Sheet1 Member=Component R3 15k
Added Member To Class: ClassName=Sheet1 Member=Component R4 15k
